2024-02-21T22:54:35.389-05:00  INFO 21708 --- [main] com.example.demo.DemoApplication         : Starting DemoApplication using Java 21.0.2 with PID 21708 (C:\Users\rahul\git\spring-works\demo\demo\target\classes started by rahul in C:\Users\rahul\git\spring-works)
2024-02-21T22:54:35.392-05:00  INFO 21708 --- [main] com.example.demo.DemoApplication         : No active profile set, falling back to 1 default profile: "default"
2024-02-21T22:54:36.332-05:00  INFO 21708 --- [main] .s.d.r.c.RepositoryConfigurationDelegate : Bootstrapping Spring Data JPA repositories in DEFAULT mode.
2024-02-21T22:54:36.409-05:00  INFO 21708 --- [main] .s.d.r.c.RepositoryConfigurationDelegate : Finished Spring Data repository scanning in 62 ms. Found 3 JPA repository interfaces.
2024-02-21T22:54:37.681-05:00  INFO 21708 --- [main] o.s.b.w.embedded.tomcat.TomcatWebServer  : Tomcat initialized with port 8081 (http)
2024-02-21T22:54:37.696-05:00  INFO 21708 --- [main] o.apache.catalina.core.StandardService   : Starting service [Tomcat]
2024-02-21T22:54:37.697-05:00  INFO 21708 --- [main] o.apache.catalina.core.StandardEngine    : Starting Servlet engine: [Apache Tomcat/10.1.18]
2024-02-21T22:54:37.784-05:00  INFO 21708 --- [main] o.a.c.c.C.[Tomcat].[localhost].[/demo]   : Initializing Spring embedded WebApplicationContext
2024-02-21T22:54:37.785-05:00  INFO 21708 --- [main] w.s.c.ServletWebServerApplicationContext : Root WebApplicationContext: initialization completed in 2275 ms
2024-02-21T22:54:38.084-05:00  INFO 21708 --- [main] o.hibernate.jpa.internal.util.LogHelper  : HHH000204: Processing PersistenceUnitInfo [name: default]
2024-02-21T22:54:38.221-05:00  INFO 21708 --- [main] org.hibernate.Version                    : HHH000412: Hibernate ORM core version 6.4.1.Final
2024-02-21T22:54:38.284-05:00  INFO 21708 --- [main] o.h.c.internal.RegionFactoryInitiator    : HHH000026: Second-level cache disabled
2024-02-21T22:54:38.674-05:00  INFO 21708 --- [main] o.s.o.j.p.SpringPersistenceUnitInfo      : No LoadTimeWeaver setup: ignoring JPA class transformer
2024-02-21T22:54:38.735-05:00  WARN 21708 --- [main] org.hibernate.orm.deprecation            : HHH90000025: PostgreSQLDialect does not need to be specified explicitly using 'hibernate.dialect' (remove the property setting and it will be selected by default)
2024-02-21T22:54:39.895-05:00  INFO 21708 --- [main] o.h.e.t.j.p.i.JtaPlatformInitiator       : HHH000489: No JTA platform available (set 'hibernate.transaction.jta.platform' to enable JTA platform integration)
2024-02-21T22:54:39.912-05:00  INFO 21708 --- [main] com.zaxxer.hikari.HikariDataSource       : HikariPool-1 - Starting...
2024-02-21T22:54:40.052-05:00  INFO 21708 --- [main] com.zaxxer.hikari.pool.HikariPool        : HikariPool-1 - Added connection org.postgresql.jdbc.PgConnection@a6a2c20
2024-02-21T22:54:40.054-05:00  INFO 21708 --- [main] com.zaxxer.hikari.HikariDataSource       : HikariPool-1 - Start completed.
2024-02-21T22:54:40.177-05:00  INFO 21708 --- [main] j.LocalContainerEntityManagerFactoryBean : Initialized JPA EntityManagerFactory for persistence unit 'default'
2024-02-21T22:54:40.746-05:00  INFO 21708 --- [main] o.s.d.j.r.query.QueryEnhancerFactory     : Hibernate is in classpath; If applicable, HQL parser will be used.
2024-02-21T22:54:42.269-05:00  INFO 21708 --- [main] o.s.b.w.embedded.tomcat.TomcatWebServer  : Tomcat started on port 8081 (http) with context path '/demo'
2024-02-21T22:54:42.281-05:00  INFO 21708 --- [main] com.example.demo.DemoApplication         : Started DemoApplication in 7.535 seconds (process running for 8.113)
2024-02-21T22:54:52.558-05:00  INFO 21708 --- [http-nio-8081-exec-2] o.a.c.c.C.[Tomcat].[localhost].[/demo]   : Initializing Spring DispatcherServlet 'dispatcherServlet'
2024-02-21T22:54:52.558-05:00  INFO 21708 --- [http-nio-8081-exec-2] o.s.web.servlet.DispatcherServlet        : Initializing Servlet 'dispatcherServlet'
2024-02-21T22:54:52.559-05:00  INFO 21708 --- [http-nio-8081-exec-2] o.s.web.servlet.DispatcherServlet        : Completed initialization in 1 ms
2024-02-21T22:54:52.681-05:00  INFO 21708 --- [http-nio-8081-exec-2] c.example.controller.StudentController   : inQueryRequest = InQueryRequest(firstNames=[John, Raj])
2024-02-21T22:54:52.998-05:00  INFO 21708 --- [http-nio-8081-exec-2] c.example.controller.StudentController   : studentResponseList = [StudentResponse(id=2, firstName=Raj, lastName=Dave, email=raj_dave@gmail.com, fullName=Raj Dave, street=Laxmi Nagar, city=Delhi, learningSubjects=null), StudentResponse(id=1, firstName=John, lastName=Smith, email=john_smith@gmail.com, fullName=John Smith, street=null, city=null, learningSubjects=null), StudentResponse(id=27, firstName=John, lastName=Smith, email=john@gmail.com, fullName=John Smith, street=Windermere Boulevard, city=Buffalo, learningSubjects=null)]
2024-02-21T22:55:56.896-05:00  INFO 21708 --- [SpringApplicationShutdownHook] j.LocalContainerEntityManagerFactoryBean : Closing JPA EntityManagerFactory for persistence unit 'default'
2024-02-21T22:55:56.898-05:00  INFO 21708 --- [SpringApplicationShutdownHook] com.zaxxer.hikari.HikariDataSource       : HikariPool-1 - Shutdown initiated...
2024-02-21T22:55:56.903-05:00  INFO 21708 --- [SpringApplicationShutdownHook] com.zaxxer.hikari.HikariDataSource       : HikariPool-1 - Shutdown completed.
